d:\semester 3\oop\project\supermarket project\x64\debug\vc142.pdb
d:\semester 3\oop\project\supermarket project\x64\debug\vc142.idb
d:\semester 3\oop\project\supermarket project\x64\debug\supermarket project.obj
d:\semester 3\oop\project\supermarket project\x64\debug\staff.obj
d:\semester 3\oop\project\supermarket project\x64\debug\stock.obj
d:\semester 3\oop\project\supermarket project\x64\debug\supply.obj
d:\semester 3\oop\project\supermarket project\x64\debug\supermarket project.pdb
d:\semester 3\oop\project\supermarket project\x64\debug\supermar.b52fc031.tlog\cl.command.1.tlog
d:\semester 3\oop\project\supermarket project\x64\debug\supermar.b52fc031.tlog\cl.read.1.tlog
d:\semester 3\oop\project\supermarket project\x64\debug\supermar.b52fc031.tlog\cl.write.1.tlog
d:\semester 3\oop\project\supermarket project\x64\debug\supermar.b52fc031.tlog\link-cvtres.read.1.tlog
d:\semester 3\oop\project\supermarket project\x64\debug\supermar.b52fc031.tlog\link-cvtres.write.1.tlog
d:\semester 3\oop\project\supermarket project\x64\debug\supermar.b52fc031.tlog\link-rc.read.1.tlog
d:\semester 3\oop\project\supermarket project\x64\debug\supermar.b52fc031.tlog\link-rc.write.1.tlog
d:\semester 3\oop\project\supermarket project\x64\debug\supermar.b52fc031.tlog\link.8392-cvtres.read.1.tlog
d:\semester 3\oop\project\supermarket project\x64\debug\supermar.b52fc031.tlog\link.8392-cvtres.write.1.tlog
d:\semester 3\oop\project\supermarket project\x64\debug\supermar.b52fc031.tlog\link.8392-rc.read.1.tlog
d:\semester 3\oop\project\supermarket project\x64\debug\supermar.b52fc031.tlog\link.8392-rc.write.1.tlog
d:\semester 3\oop\project\supermarket project\x64\debug\supermar.b52fc031.tlog\link.8392.read.1.tlog
d:\semester 3\oop\project\supermarket project\x64\debug\supermar.b52fc031.tlog\link.8392.write.1.tlog
d:\semester 3\oop\project\supermarket project\x64\debug\supermar.b52fc031.tlog\link.command.1.tlog
d:\semester 3\oop\project\supermarket project\x64\debug\supermar.b52fc031.tlog\link.read.1.tlog
d:\semester 3\oop\project\supermarket project\x64\debug\supermar.b52fc031.tlog\link.write.1.tlog
